<?xml version="1.0" encoding="UTF-8"?>
<testng-results skipped="0" failed="0" ignored="0" total="1" passed="1">
  <reporter-output>
  </reporter-output>
  <suite name="Default suite" duration-ms="34" started-at="2021-03-19T17:03:08 AEDT" finished-at="2021-03-19T17:03:08 AEDT">
    <groups>
    </groups>
    <test name="Default test" duration-ms="34" started-at="2021-03-19T17:03:08 AEDT" finished-at="2021-03-19T17:03:08 AEDT">
      <class name="TestGoogleScript.test_google">
        <test-method status="PASS" signature="testgoogle()[pri:0, instance:TestGoogleScript.test_google@4bbfb90a]" name="testgoogle" duration-ms="7" started-at="2021-03-19T17:03:08 AEDT" finished-at="2021-03-19T17:03:08 AEDT">
          <reporter-output>
          </reporter-output>
        </test-method> <!-- testgoogle -->
      </class> <!-- TestGoogleScript.test_google -->
    </test> <!-- Default test -->
  </suite> <!-- Default suite -->
</testng-results>
